The system is: Darwin - 21.2.0 - x86_64
Compiling the C compiler identification source file "CMakeCCompilerId.c" succeeded.
Compiler: /usr/bin/gcc 
Build flags: 
Id flags:  

The output was:
0


Compilation of the C compiler identification source "CMakeCCompilerId.c" produced "a.out"

The C compiler identification is AppleClang, found in "/Users/asha/Developer/WACCM/cime/tools/cprnc/CMakeFiles/3.22.1/CompilerIdC/a.out"

Compiling the Fortran compiler identification source file "CMakeFortranCompilerId.F" succeeded.
Compiler: /usr/local/bin/gfortran 
Build flags: 
Id flags: -v 

The output was:
0
Driving: /usr/local/bin/gfortran -v CMakeFortranCompilerId.F -mmacosx-version-min=12.1.0 -asm_macosx_version_min=12.1 -l gfortran -shared-libgcc
Using built-in specs.
COLLECT_GCC=/usr/local/bin/gfortran
COLLECT_LTO_WRAPPER=/usr/local/Cellar/gcc/11.2.0_3/bin/../libexec/gcc/x86_64-apple-darwin21/11/lto-wrapper
Target: x86_64-apple-darwin21
Configured with: ../configure --prefix=/usr/local/opt/gcc --libdir=/usr/local/opt/gcc/lib/gcc/11 --disable-nls --enable-checking=release --with-gcc-major-version-only --enable-languages=c,c++,objc,obj-c++,fortran,d --program-suffix=-11 --with-gmp=/usr/local/opt/gmp --with-mpfr=/usr/local/opt/mpfr --with-mpc=/usr/local/opt/libmpc --with-isl=/usr/local/opt/isl --with-zstd=/usr/local/opt/zstd --with-pkgversion='Homebrew GCC 11.2.0_3' --with-bugurl=https://github.com/Homebrew/homebrew-core/issues --enable-libphobos --build=x86_64-apple-darwin21 --with-system-zlib --disable-multilib --with-native-system-header-dir=/usr/include --with-sysroot=/Library/Developer/CommandLineTools/SDKs/MacOSX12.sdk
Thread model: posix
Supported LTO compression algorithms: zlib zstd
gcc version 11.2.0 (Homebrew GCC 11.2.0_3) 
COLLECT_GCC_OPTIONS='-v' '-mmacosx-version-min=12.1.0' '-asm_macosx_version_min=12.1' '-shared-libgcc' '-mtune=core2' '-dumpdir' 'a-'
 /usr/local/Cellar/gcc/11.2.0_3/bin/../libexec/gcc/x86_64-apple-darwin21/11/f951 CMakeFortranCompilerId.F -ffixed-form -cpp=/var/folders/76/0g8l217d5b92zmblzymyw76w0000gp/T//ccQaL5sk.f90 -quiet -v -iprefix /usr/local/Cellar/gcc/11.2.0_3/bin/../lib/gcc/11/gcc/x86_64-apple-darwin21/11/ -D__DYNAMIC__ CMakeFortranCompilerId.F -fPIC -quiet -dumpdir a- -dumpbase CMakeFortranCompilerId.F -dumpbase-ext .F -mmacosx-version-min=12.1.0 -mtune=core2 -version -fintrinsic-modules-path /usr/local/Cellar/gcc/11.2.0_3/bin/../lib/gcc/11/gcc/x86_64-apple-darwin21/11/finclude -o /var/folders/76/0g8l217d5b92zmblzymyw76w0000gp/T//ccmsbc2K.s
GNU Fortran (Homebrew GCC 11.2.0_3) version 11.2.0 (x86_64-apple-darwin21)
	compiled by GNU C version 11.2.0, GMP version 6.2.1, MPFR version 4.1.0, MPC version 1.2.1, isl version isl-0.24-GMP

GGC heuristics: --param ggc-min-expand=100 --param ggc-min-heapsize=131072
ignoring nonexistent directory "/usr/local/Cellar/gcc/11.2.0_3/bin/../lib/gcc/11/gcc/x86_64-apple-darwin21/11/../../../../../../x86_64-apple-darwin21/include"
ignoring duplicate directory "/usr/local/Cellar/gcc/11.2.0_3/bin/../lib/gcc/11/gcc/../../../../lib/gcc/11/gcc/x86_64-apple-darwin21/11/include"
ignoring nonexistent directory "/Library/Developer/CommandLineTools/SDKs/MacOSX12.sdk/usr/local/include"
ignoring duplicate directory "/usr/local/Cellar/gcc/11.2.0_3/bin/../lib/gcc/11/gcc/../../../../lib/gcc/11/gcc/x86_64-apple-darwin21/11/include-fixed"
ignoring nonexistent directory "/usr/local/Cellar/gcc/11.2.0_3/bin/../lib/gcc/11/gcc/../../../../lib/gcc/11/gcc/x86_64-apple-darwin21/11/../../../../../../x86_64-apple-darwin21/include"
#include "..." search starts here:
#include <...> search starts here:
 /usr/local/Cellar/gcc/11.2.0_3/bin/../lib/gcc/11/gcc/x86_64-apple-darwin21/11/finclude
 /opt/intel/oneapi/tbb/2021.5.0/env/../include
 /opt/intel/oneapi/mkl/2022.0.0/include
 /opt/intel/oneapi/ippcp/2021.5.0/include
 /opt/intel/oneapi/ipp/2021.5.0/include
 /opt/intel/oneapi/dnnl/2022.0.0/cpu_iomp/lib
 /opt/intel/oneapi/dev-utilities/2021.5.0/include
 /opt/intel/oneapi/dal/2021.5.0/include
 /usr/local/Cellar/gcc/11.2.0_3/bin/../lib/gcc/11/gcc/x86_64-apple-darwin21/11/include
 /usr/local/Cellar/gcc/11.2.0_3/bin/../lib/gcc/11/gcc/x86_64-apple-darwin21/11/include-fixed
 /Library/Developer/CommandLineTools/SDKs/MacOSX12.sdk/usr/include
End of search list.
GNU Fortran2008 (Homebrew GCC 11.2.0_3) version 11.2.0 (x86_64-apple-darwin21)
	compiled by GNU C version 11.2.0, GMP version 6.2.1, MPFR version 4.1.0, MPC version 1.2.1, isl version isl-0.24-GMP

GGC heuristics: --param ggc-min-expand=100 --param ggc-min-heapsize=131072
COLLECT_GCC_OPTIONS='-v' '-mmacosx-version-min=12.1.0'  '-shared-libgcc' '-mtune=core2' '-dumpdir' 'a-'
 as -arch x86_64 -v -force_cpusubtype_ALL -mmacosx-version-min=12.1 -o /var/folders/76/0g8l217d5b92zmblzymyw76w0000gp/T//ccoxTQxu.o /var/folders/76/0g8l217d5b92zmblzymyw76w0000gp/T//ccmsbc2K.s
Apple clang version 13.0.0 (clang-1300.0.29.30)
Target: x86_64-apple-darwin21.2.0
Thread model: posix
InstalledDir: /Applications/Xcode.app/Contents/Developer/Toolchains/XcodeDefault.xctoolchain/usr/bin
 "/Applications/Xcode.app/Contents/Developer/Toolchains/XcodeDefault.xctoolchain/usr/bin/clang" -cc1as -triple x86_64-apple-macosx12.1.0 -filetype obj -main-file-name ccmsbc2K.s -target-cpu penryn -fdebug-compilation-dir /Users/asha/Developer/WACCM/cime/tools/cprnc/CMakeFiles/3.22.1/CompilerIdFortran -dwarf-debug-producer "Apple clang version 13.0.0 (clang-1300.0.29.30)" -dwarf-version=4 -mrelocation-model pic --mrelax-relocations -mllvm -disable-aligned-alloc-awareness=1 -mllvm -enable-dse-memoryssa=0 -o /var/folders/76/0g8l217d5b92zmblzymyw76w0000gp/T//ccoxTQxu.o /var/folders/76/0g8l217d5b92zmblzymyw76w0000gp/T//ccmsbc2K.s
Reading specs from /usr/local/Cellar/gcc/11.2.0_3/bin/../lib/gcc/11/gcc/x86_64-apple-darwin21/11/../../../libgfortran.spec
rename spec lib to liborig
COLLECT_GCC_OPTIONS='-v' '-mmacosx-version-min=12.1.0'  '-shared-libgcc' '-mtune=core2' '-dumpdir' 'a-'
COMPILER_PATH=/usr/local/Cellar/gcc/11.2.0_3/bin/../libexec/gcc/x86_64-apple-darwin21/11/:/usr/local/Cellar/gcc/11.2.0_3/bin/../libexec/gcc/
LIBRARY_PATH=/usr/local/Cellar/gcc/11.2.0_3/bin/../lib/gcc/11/gcc/x86_64-apple-darwin21/11/:/usr/local/Cellar/gcc/11.2.0_3/bin/../lib/gcc/11/gcc/:/opt/intel/oneapi/tbb/2021.5.0/env/../lib/:/opt/intel/oneapi/mkl/2022.0.0/lib/:/opt/intel/oneapi/ippcp/2021.5.0/lib/:/opt/intel/oneapi/ipp/2021.5.0/lib/:/opt/intel/oneapi/dnnl/2022.0.0/cpu_iomp/lib/:/opt/intel/oneapi/dal/2021.5.0/lib/:/usr/local/Cellar/gcc/11.2.0_3/bin/../lib/gcc/11/gcc/x86_64-apple-darwin21/11/../../../
COLLECT_GCC_OPTIONS='-v' '-mmacosx-version-min=12.1.0'  '-shared-libgcc' '-mtune=core2' '-dumpdir' 'a.'
 /usr/local/Cellar/gcc/11.2.0_3/bin/../libexec/gcc/x86_64-apple-darwin21/11/collect2 -syslibroot /Library/Developer/CommandLineTools/SDKs/MacOSX12.sdk/ -dynamic -arch x86_64 -macosx_version_min 12.1.0 -weak_reference_mismatches non-weak -o a.out -L/usr/local/Cellar/gcc/11.2.0_3/bin/../lib/gcc/11/gcc/x86_64-apple-darwin21/11 -L/usr/local/Cellar/gcc/11.2.0_3/bin/../lib/gcc/11/gcc -L/opt/intel/oneapi/tbb/2021.5.0/env/../lib -L/opt/intel/oneapi/mkl/2022.0.0/lib -L/opt/intel/oneapi/ippcp/2021.5.0/lib -L/opt/intel/oneapi/ipp/2021.5.0/lib -L/opt/intel/oneapi/dnnl/2022.0.0/cpu_iomp/lib -L/opt/intel/oneapi/dal/2021.5.0/lib -L/usr/local/Cellar/gcc/11.2.0_3/bin/../lib/gcc/11/gcc/x86_64-apple-darwin21/11/../../.. /var/folders/76/0g8l217d5b92zmblzymyw76w0000gp/T//ccoxTQxu.o -lgfortran -lSystem -lgcc_ext.10.5 -lgcc -lquadmath -lm -lgcc_ext.10.5 -lgcc -lSystem -no_compact_unwind -v
collect2 version 11.2.0
/opt/local/bin/ld -syslibroot /Library/Developer/CommandLineTools/SDKs/MacOSX12.sdk/ -dynamic -arch x86_64 -macosx_version_min 12.1.0 -weak_reference_mismatches non-weak -o a.out -L/usr/local/Cellar/gcc/11.2.0_3/bin/../lib/gcc/11/gcc/x86_64-apple-darwin21/11 -L/usr/local/Cellar/gcc/11.2.0_3/bin/../lib/gcc/11/gcc -L/opt/intel/oneapi/tbb/2021.5.0/env/../lib -L/opt/intel/oneapi/mkl/2022.0.0/lib -L/opt/intel/oneapi/ippcp/2021.5.0/lib -L/opt/intel/oneapi/ipp/2021.5.0/lib -L/opt/intel/oneapi/dnnl/2022.0.0/cpu_iomp/lib -L/opt/intel/oneapi/dal/2021.5.0/lib -L/usr/local/Cellar/gcc/11.2.0_3/bin/../lib/gcc/11/gcc/x86_64-apple-darwin21/11/../../.. /var/folders/76/0g8l217d5b92zmblzymyw76w0000gp/T//ccoxTQxu.o -lgfortran -lSystem -lgcc_ext.10.5 -lgcc -lquadmath -lm -lgcc_ext.10.5 -lgcc -lSystem -no_compact_unwind -v
@(#)PROGRAM:ld  PROJECT:ld64-711
BUILD 21:57:11 Nov 17 2021
configured to support archs: armv6 armv7 armv7s arm64 arm64e arm64_32 i386 x86_64 x86_64h armv6m armv7k armv7m armv7em
Library search paths:
	/usr/local/Cellar/gcc/11.2.0_3/lib/gcc/11/gcc/x86_64-apple-darwin21/11
	/usr/local/Cellar/gcc/11.2.0_3/lib/gcc/11/gcc
	/opt/intel/oneapi/tbb/2021.5.0/lib
	/opt/intel/oneapi/mkl/2022.0.0/lib
	/opt/intel/oneapi/ippcp/2021.5.0/lib
	/opt/intel/oneapi/ipp/2021.5.0/lib
	/opt/intel/oneapi/dnnl/2022.0.0/cpu_iomp/lib
	/opt/intel/oneapi/dal/2021.5.0/lib
	/usr/local/Cellar/gcc/11.2.0_3/lib/gcc/11
	/Library/Developer/CommandLineTools/SDKs/MacOSX12.sdk/usr/lib
Framework search paths:
	/Library/Developer/CommandLineTools/SDKs/MacOSX12.sdk/System/Library/Frameworks/


Compilation of the Fortran compiler identification source "CMakeFortranCompilerId.F" produced "a.out"

The Fortran compiler identification is GNU, found in "/Users/asha/Developer/WACCM/cime/tools/cprnc/CMakeFiles/3.22.1/CompilerIdFortran/a.out"

Detecting C compiler ABI info compiled with the following output:
Change Dir: /Users/asha/Developer/WACCM/cime/tools/cprnc/CMakeFiles/CMakeTmp

Run Build Command(s):/usr/bin/make -f Makefile cmTC_2a414/fast && /Applications/Xcode.app/Contents/Developer/usr/bin/make  -f CMakeFiles/cmTC_2a414.dir/build.make CMakeFiles/cmTC_2a414.dir/build
Building C object CMakeFiles/cmTC_2a414.dir/CMakeCCompilerABI.c.o
/usr/bin/gcc   -isysroot /Applications/Xcode.app/Contents/Developer/Platforms/MacOSX.platform/Developer/SDKs/MacOSX12.1.sdk   -v -Wl,-v -MD -MT CMakeFiles/cmTC_2a414.dir/CMakeCCompilerABI.c.o -MF CMakeFiles/cmTC_2a414.dir/CMakeCCompilerABI.c.o.d -o CMakeFiles/cmTC_2a414.dir/CMakeCCompilerABI.c.o -c /usr/local/Cellar/cmake/3.22.1/share/cmake/Modules/CMakeCCompilerABI.c
Apple clang version 13.0.0 (clang-1300.0.29.30)
Target: x86_64-apple-darwin21.2.0
Thread model: posix
InstalledDir: /Applications/Xcode.app/Contents/Developer/Toolchains/XcodeDefault.xctoolchain/usr/bin
clang: warning: -Wl,-v: 'linker' input unused [-Wunused-command-line-argument]
 "/Applications/Xcode.app/Contents/Developer/Toolchains/XcodeDefault.xctoolchain/usr/bin/clang" -cc1 -triple x86_64-apple-macosx12.0.0 -Wundef-prefix=TARGET_OS_ -Wdeprecated-objc-isa-usage -Werror=deprecated-objc-isa-usage -Werror=implicit-function-declaration -emit-obj -mrelax-all --mrelax-relocations -disable-free -disable-llvm-verifier -discard-value-names -main-file-name CMakeCCompilerABI.c -mrelocation-model pic -pic-level 2 -mframe-pointer=all -fno-strict-return -fno-rounding-math -munwind-tables -target-sdk-version=12.1 -fvisibility-inlines-hidden-static-local-var -target-cpu penryn -tune-cpu generic -debugger-tuning=lldb -target-linker-version 711 -v -resource-dir /Applications/Xcode.app/Contents/Developer/Toolchains/XcodeDefault.xctoolchain/usr/lib/clang/13.0.0 -dependency-file CMakeFiles/cmTC_2a414.dir/CMakeCCompilerABI.c.o.d -skip-unused-modulemap-deps -MT CMakeFiles/cmTC_2a414.dir/CMakeCCompilerABI.c.o -sys-header-deps -isysroot /Applications/Xcode.app/Contents/Developer/Platforms/MacOSX.platform/Developer/SDKs/MacOSX12.1.sdk -I/opt/intel/oneapi/tbb/2021.5.0/env/../include -I/opt/intel/oneapi/mkl/2022.0.0/include -I/opt/intel/oneapi/ippcp/2021.5.0/include -I/opt/intel/oneapi/ipp/2021.5.0/include -I/opt/intel/oneapi/dnnl/2022.0.0/cpu_iomp/lib -I/opt/intel/oneapi/dev-utilities/2021.5.0/include -I/opt/intel/oneapi/dal/2021.5.0/include -internal-isystem /Applications/Xcode.app/Contents/Developer/Platforms/MacOSX.platform/Developer/SDKs/MacOSX12.1.sdk/usr/local/include -internal-isystem /Applications/Xcode.app/Contents/Developer/Toolchains/XcodeDefault.xctoolchain/usr/lib/clang/13.0.0/include -internal-externc-isystem /Applications/Xcode.app/Contents/Developer/Platforms/MacOSX.platform/Developer/SDKs/MacOSX12.1.sdk/usr/include -internal-externc-isystem /Applications/Xcode.app/Contents/Developer/Toolchains/XcodeDefault.xctoolchain/usr/include -Wno-reorder-init-list -Wno-implicit-int-float-conversion -Wno-c99-designator -Wno-final-dtor-non-final-class -Wno-extra-semi-stmt -Wno-misleading-indentation -Wno-quoted-include-in-framework-header -Wno-implicit-fallthrough -Wno-enum-enum-conversion -Wno-enum-float-conversion -Wno-elaborated-enum-base -fdebug-compilation-dir /Users/asha/Developer/WACCM/cime/tools/cprnc/CMakeFiles/CMakeTmp -ferror-limit 19 -stack-protector 1 -fstack-check -mdarwin-stkchk-strong-link -fblocks -fencode-extended-block-signature -fregister-global-dtors-with-atexit -fgnuc-version=4.2.1 -fmax-type-align=16 -fcommon -clang-vendor-feature=+nullptrToBoolConversion -clang-vendor-feature=+messageToSelfInClassMethodIdReturnType -clang-vendor-feature=+disableInferNewAvailabilityFromInit -clang-vendor-feature=+disableNeonImmediateRangeCheck -clang-vendor-feature=+disableNonDependentMemberExprInCurrentInstantiation -fno-odr-hash-protocols -clang-vendor-feature=+revert09abecef7bbf -mllvm -disable-aligned-alloc-awareness=1 -mllvm -enable-dse-memoryssa=0 -o CMakeFiles/cmTC_2a414.dir/CMakeCCompilerABI.c.o -x c /usr/local/Cellar/cmake/3.22.1/share/cmake/Modules/CMakeCCompilerABI.c
clang -cc1 version 13.0.0 (clang-1300.0.29.30) default target x86_64-apple-darwin21.2.0
ignoring nonexistent directory "/Applications/Xcode.app/Contents/Developer/Platforms/MacOSX.platform/Developer/SDKs/MacOSX12.1.sdk/usr/local/include"
ignoring nonexistent directory "/Applications/Xcode.app/Contents/Developer/Platforms/MacOSX.platform/Developer/SDKs/MacOSX12.1.sdk/Library/Frameworks"
#include "..." search starts here:
#include <...> search starts here:
 /opt/intel/oneapi/tbb/2021.5.0/env/../include
 /opt/intel/oneapi/mkl/2022.0.0/include
 /opt/intel/oneapi/ippcp/2021.5.0/include
 /opt/intel/oneapi/ipp/2021.5.0/include
 /opt/intel/oneapi/dnnl/2022.0.0/cpu_iomp/lib
 /opt/intel/oneapi/dev-utilities/2021.5.0/include
 /opt/intel/oneapi/dal/2021.5.0/include
 /Applications/Xcode.app/Contents/Developer/Toolchains/XcodeDefault.xctoolchain/usr/lib/clang/13.0.0/include
 /Applications/Xcode.app/Contents/Developer/Platforms/MacOSX.platform/Developer/SDKs/MacOSX12.1.sdk/usr/include
 /Applications/Xcode.app/Contents/Developer/Toolchains/XcodeDefault.xctoolchain/usr/include
 /Applications/Xcode.app/Contents/Developer/Platforms/MacOSX.platform/Developer/SDKs/MacOSX12.1.sdk/System/Library/Frameworks (framework directory)
End of search list.
Linking C executable cmTC_2a414
/usr/local/Cellar/cmake/3.22.1/bin/cmake -E cmake_link_script CMakeFiles/cmTC_2a414.dir/link.txt --verbose=1
/usr/bin/gcc  -isysroot /Applications/Xcode.app/Contents/Developer/Platforms/MacOSX.platform/Developer/SDKs/MacOSX12.1.sdk -Wl,-search_paths_first -Wl,-headerpad_max_install_names -L/usr/local/opt/openblas/lib -L/usr/local/opt/lapack/lib -v -Wl,-v CMakeFiles/cmTC_2a414.dir/CMakeCCompilerABI.c.o -o cmTC_2a414 
Apple clang version 13.0.0 (clang-1300.0.29.30)
Target: x86_64-apple-darwin21.2.0
Thread model: posix
InstalledDir: /Applications/Xcode.app/Contents/Developer/Toolchains/XcodeDefault.xctoolchain/usr/bin
 "/Applications/Xcode.app/Contents/Developer/Toolchains/XcodeDefault.xctoolchain/usr/bin/ld" -demangle -lto_library /Applications/Xcode.app/Contents/Developer/Toolchains/XcodeDefault.xctoolchain/usr/lib/libLTO.dylib -dynamic -arch x86_64 -platform_version macos 12.0.0 12.1 -syslibroot /Applications/Xcode.app/Contents/Developer/Platforms/MacOSX.platform/Developer/SDKs/MacOSX12.1.sdk -o cmTC_2a414 -L/usr/local/opt/openblas/lib -L/usr/local/opt/lapack/lib -L/opt/intel/oneapi/tbb/2021.5.0/env/../lib -L/opt/intel/oneapi/mkl/2022.0.0/lib -L/opt/intel/oneapi/ippcp/2021.5.0/lib -L/opt/intel/oneapi/ipp/2021.5.0/lib -L/opt/intel/oneapi/dnnl/2022.0.0/cpu_iomp/lib -L/opt/intel/oneapi/dal/2021.5.0/lib -search_paths_first -headerpad_max_install_names -v CMakeFiles/cmTC_2a414.dir/CMakeCCompilerABI.c.o -lSystem /Applications/Xcode.app/Contents/Developer/Toolchains/XcodeDefault.xctoolchain/usr/lib/clang/13.0.0/lib/darwin/libclang_rt.osx.a
@(#)PROGRAM:ld  PROJECT:ld64-711
BUILD 21:57:11 Nov 17 2021
configured to support archs: armv6 armv7 armv7s arm64 arm64e arm64_32 i386 x86_64 x86_64h armv6m armv7k armv7m armv7em
Library search paths:
	/usr/local/opt/openblas/lib
	/usr/local/opt/lapack/lib
	/opt/intel/oneapi/tbb/2021.5.0/lib
	/opt/intel/oneapi/mkl/2022.0.0/lib
	/opt/intel/oneapi/ippcp/2021.5.0/lib
	/opt/intel/oneapi/ipp/2021.5.0/lib
	/opt/intel/oneapi/dnnl/2022.0.0/cpu_iomp/lib
	/opt/intel/oneapi/dal/2021.5.0/lib
	/Applications/Xcode.app/Contents/Developer/Platforms/MacOSX.platform/Developer/SDKs/MacOSX12.1.sdk/usr/lib
Framework search paths:
	/Applications/Xcode.app/Contents/Developer/Platforms/MacOSX.platform/Developer/SDKs/MacOSX12.1.sdk/System/Library/Frameworks/



Parsed C implicit include dir info from above output: rv=done
  found start of include info
  found start of implicit include info
    add: [/opt/intel/oneapi/tbb/2021.5.0/env/../include]
    add: [/opt/intel/oneapi/mkl/2022.0.0/include]
    add: [/opt/intel/oneapi/ippcp/2021.5.0/include]
    add: [/opt/intel/oneapi/ipp/2021.5.0/include]
    add: [/opt/intel/oneapi/dnnl/2022.0.0/cpu_iomp/lib]
    add: [/opt/intel/oneapi/dev-utilities/2021.5.0/include]
    add: [/opt/intel/oneapi/dal/2021.5.0/include]
    add: [/Applications/Xcode.app/Contents/Developer/Toolchains/XcodeDefault.xctoolchain/usr/lib/clang/13.0.0/include]
    add: [/Applications/Xcode.app/Contents/Developer/Platforms/MacOSX.platform/Developer/SDKs/MacOSX12.1.sdk/usr/include]
    add: [/Applications/Xcode.app/Contents/Developer/Toolchains/XcodeDefault.xctoolchain/usr/include]
  end of search list found
  collapse include dir [/opt/intel/oneapi/tbb/2021.5.0/env/../include] ==> [/opt/intel/oneapi/tbb/2021.5.0/include]
  collapse include dir [/opt/intel/oneapi/mkl/2022.0.0/include] ==> [/opt/intel/oneapi/mkl/2022.0.0/include]
  collapse include dir [/opt/intel/oneapi/ippcp/2021.5.0/include] ==> [/opt/intel/oneapi/ippcp/2021.5.0/include]
  collapse include dir [/opt/intel/oneapi/ipp/2021.5.0/include] ==> [/opt/intel/oneapi/ipp/2021.5.0/include]
  collapse include dir [/opt/intel/oneapi/dnnl/2022.0.0/cpu_iomp/lib] ==> [/opt/intel/oneapi/dnnl/2022.0.0/cpu_iomp/lib]
  collapse include dir [/opt/intel/oneapi/dev-utilities/2021.5.0/include] ==> [/opt/intel/oneapi/dev-utilities/2021.5.0/include]
  collapse include dir [/opt/intel/oneapi/dal/2021.5.0/include] ==> [/opt/intel/oneapi/dal/2021.5.0/include]
  collapse include dir [/Applications/Xcode.app/Contents/Developer/Toolchains/XcodeDefault.xctoolchain/usr/lib/clang/13.0.0/include] ==> [/Applications/Xcode.app/Contents/Developer/Toolchains/XcodeDefault.xctoolchain/usr/lib/clang/13.0.0/include]
  collapse include dir [/Applications/Xcode.app/Contents/Developer/Platforms/MacOSX.platform/Developer/SDKs/MacOSX12.1.sdk/usr/include] ==> [/Applications/Xcode.app/Contents/Developer/Platforms/MacOSX.platform/Developer/SDKs/MacOSX12.1.sdk/usr/include]
  collapse include dir [/Applications/Xcode.app/Contents/Developer/Toolchains/XcodeDefault.xctoolchain/usr/include] ==> [/Applications/Xcode.app/Contents/Developer/Toolchains/XcodeDefault.xctoolchain/usr/include]
  implicit include dirs: [/opt/intel/oneapi/tbb/2021.5.0/include;/opt/intel/oneapi/mkl/2022.0.0/include;/opt/intel/oneapi/ippcp/2021.5.0/include;/opt/intel/oneapi/ipp/2021.5.0/include;/opt/intel/oneapi/dnnl/2022.0.0/cpu_iomp/lib;/opt/intel/oneapi/dev-utilities/2021.5.0/include;/opt/intel/oneapi/dal/2021.5.0/include;/Applications/Xcode.app/Contents/Developer/Toolchains/XcodeDefault.xctoolchain/usr/lib/clang/13.0.0/include;/Applications/Xcode.app/Contents/Developer/Platforms/MacOSX.platform/Developer/SDKs/MacOSX12.1.sdk/usr/include;/Applications/Xcode.app/Contents/Developer/Toolchains/XcodeDefault.xctoolchain/usr/include]


Parsed C implicit link information from above output:
  link line regex: [^( *|.*[/\])(ld|CMAKE_LINK_STARTFILE-NOTFOUND|([^/\]+-)?ld|collect2)[^/\]*( |$)]
  ignore line: [Change Dir: /Users/asha/Developer/WACCM/cime/tools/cprnc/CMakeFiles/CMakeTmp]
  ignore line: []
  ignore line: [Run Build Command(s):/usr/bin/make -f Makefile cmTC_2a414/fast && /Applications/Xcode.app/Contents/Developer/usr/bin/make  -f CMakeFiles/cmTC_2a414.dir/build.make CMakeFiles/cmTC_2a414.dir/build]
  ignore line: [Building C object CMakeFiles/cmTC_2a414.dir/CMakeCCompilerABI.c.o]
  ignore line: [/usr/bin/gcc   -isysroot /Applications/Xcode.app/Contents/Developer/Platforms/MacOSX.platform/Developer/SDKs/MacOSX12.1.sdk   -v -Wl -v -MD -MT CMakeFiles/cmTC_2a414.dir/CMakeCCompilerABI.c.o -MF CMakeFiles/cmTC_2a414.dir/CMakeCCompilerABI.c.o.d -o CMakeFiles/cmTC_2a414.dir/CMakeCCompilerABI.c.o -c /usr/local/Cellar/cmake/3.22.1/share/cmake/Modules/CMakeCCompilerABI.c]
  ignore line: [Apple clang version 13.0.0 (clang-1300.0.29.30)]
  ignore line: [Target: x86_64-apple-darwin21.2.0]
  ignore line: [Thread model: posix]
  ignore line: [InstalledDir: /Applications/Xcode.app/Contents/Developer/Toolchains/XcodeDefault.xctoolchain/usr/bin]
  ignore line: [clang: warning: -Wl -v: 'linker' input unused [-Wunused-command-line-argument]]
  ignore line: [ "/Applications/Xcode.app/Contents/Developer/Toolchains/XcodeDefault.xctoolchain/usr/bin/clang" -cc1 -triple x86_64-apple-macosx12.0.0 -Wundef-prefix=TARGET_OS_ -Wdeprecated-objc-isa-usage -Werror=deprecated-objc-isa-usage -Werror=implicit-function-declaration -emit-obj -mrelax-all --mrelax-relocations -disable-free -disable-llvm-verifier -discard-value-names -main-file-name CMakeCCompilerABI.c -mrelocation-model pic -pic-level 2 -mframe-pointer=all -fno-strict-return -fno-rounding-math -munwind-tables -target-sdk-version=12.1 -fvisibility-inlines-hidden-static-local-var -target-cpu penryn -tune-cpu generic -debugger-tuning=lldb -target-linker-version 711 -v -resource-dir /Applications/Xcode.app/Contents/Developer/Toolchains/XcodeDefault.xctoolchain/usr/lib/clang/13.0.0 -dependency-file CMakeFiles/cmTC_2a414.dir/CMakeCCompilerABI.c.o.d -skip-unused-modulemap-deps -MT CMakeFiles/cmTC_2a414.dir/CMakeCCompilerABI.c.o -sys-header-deps -isysroot /Applications/Xcode.app/Contents/Developer/Platforms/MacOSX.platform/Developer/SDKs/MacOSX12.1.sdk -I/opt/intel/oneapi/tbb/2021.5.0/env/../include -I/opt/intel/oneapi/mkl/2022.0.0/include -I/opt/intel/oneapi/ippcp/2021.5.0/include -I/opt/intel/oneapi/ipp/2021.5.0/include -I/opt/intel/oneapi/dnnl/2022.0.0/cpu_iomp/lib -I/opt/intel/oneapi/dev-utilities/2021.5.0/include -I/opt/intel/oneapi/dal/2021.5.0/include -internal-isystem /Applications/Xcode.app/Contents/Developer/Platforms/MacOSX.platform/Developer/SDKs/MacOSX12.1.sdk/usr/local/include -internal-isystem /Applications/Xcode.app/Contents/Developer/Toolchains/XcodeDefault.xctoolchain/usr/lib/clang/13.0.0/include -internal-externc-isystem /Applications/Xcode.app/Contents/Developer/Platforms/MacOSX.platform/Developer/SDKs/MacOSX12.1.sdk/usr/include -internal-externc-isystem /Applications/Xcode.app/Contents/Developer/Toolchains/XcodeDefault.xctoolchain/usr/include -Wno-reorder-init-list -Wno-implicit-int-float-conversion -Wno-c99-designator -Wno-final-dtor-non-final-class -Wno-extra-semi-stmt -Wno-misleading-indentation -Wno-quoted-include-in-framework-header -Wno-implicit-fallthrough -Wno-enum-enum-conversion -Wno-enum-float-conversion -Wno-elaborated-enum-base -fdebug-compilation-dir /Users/asha/Developer/WACCM/cime/tools/cprnc/CMakeFiles/CMakeTmp -ferror-limit 19 -stack-protector 1 -fstack-check -mdarwin-stkchk-strong-link -fblocks -fencode-extended-block-signature -fregister-global-dtors-with-atexit -fgnuc-version=4.2.1 -fmax-type-align=16 -fcommon -clang-vendor-feature=+nullptrToBoolConversion -clang-vendor-feature=+messageToSelfInClassMethodIdReturnType -clang-vendor-feature=+disableInferNewAvailabilityFromInit -clang-vendor-feature=+disableNeonImmediateRangeCheck -clang-vendor-feature=+disableNonDependentMemberExprInCurrentInstantiation -fno-odr-hash-protocols -clang-vendor-feature=+revert09abecef7bbf -mllvm -disable-aligned-alloc-awareness=1 -mllvm -enable-dse-memoryssa=0 -o CMakeFiles/cmTC_2a414.dir/CMakeCCompilerABI.c.o -x c /usr/local/Cellar/cmake/3.22.1/share/cmake/Modules/CMakeCCompilerABI.c]
  ignore line: [clang -cc1 version 13.0.0 (clang-1300.0.29.30) default target x86_64-apple-darwin21.2.0]
  ignore line: [ignoring nonexistent directory "/Applications/Xcode.app/Contents/Developer/Platforms/MacOSX.platform/Developer/SDKs/MacOSX12.1.sdk/usr/local/include"]
  ignore line: [ignoring nonexistent directory "/Applications/Xcode.app/Contents/Developer/Platforms/MacOSX.platform/Developer/SDKs/MacOSX12.1.sdk/Library/Frameworks"]
  ignore line: [#include "..." search starts here:]
  ignore line: [#include <...> search starts here:]
  ignore line: [ /opt/intel/oneapi/tbb/2021.5.0/env/../include]
  ignore line: [ /opt/intel/oneapi/mkl/2022.0.0/include]
  ignore line: [ /opt/intel/oneapi/ippcp/2021.5.0/include]
  ignore line: [ /opt/intel/oneapi/ipp/2021.5.0/include]
  ignore line: [ /opt/intel/oneapi/dnnl/2022.0.0/cpu_iomp/lib]
  ignore line: [ /opt/intel/oneapi/dev-utilities/2021.5.0/include]
  ignore line: [ /opt/intel/oneapi/dal/2021.5.0/include]
  ignore line: [ /Applications/Xcode.app/Contents/Developer/Toolchains/XcodeDefault.xctoolchain/usr/lib/clang/13.0.0/include]
  ignore line: [ /Applications/Xcode.app/Contents/Developer/Platforms/MacOSX.platform/Developer/SDKs/MacOSX12.1.sdk/usr/include]
  ignore line: [ /Applications/Xcode.app/Contents/Developer/Toolchains/XcodeDefault.xctoolchain/usr/include]
  ignore line: [ /Applications/Xcode.app/Contents/Developer/Platforms/MacOSX.platform/Developer/SDKs/MacOSX12.1.sdk/System/Library/Frameworks (framework directory)]
  ignore line: [End of search list.]
  ignore line: [Linking C executable cmTC_2a414]
  ignore line: [/usr/local/Cellar/cmake/3.22.1/bin/cmake -E cmake_link_script CMakeFiles/cmTC_2a414.dir/link.txt --verbose=1]
  ignore line: [/usr/bin/gcc  -isysroot /Applications/Xcode.app/Contents/Developer/Platforms/MacOSX.platform/Developer/SDKs/MacOSX12.1.sdk -Wl -search_paths_first -Wl -headerpad_max_install_names -L/usr/local/opt/openblas/lib -L/usr/local/opt/lapack/lib -v -Wl -v CMakeFiles/cmTC_2a414.dir/CMakeCCompilerABI.c.o -o cmTC_2a414 ]
  ignore line: [Apple clang version 13.0.0 (clang-1300.0.29.30)]
  ignore line: [Target: x86_64-apple-darwin21.2.0]
  ignore line: [Thread model: posix]
  ignore line: [InstalledDir: /Applications/Xcode.app/Contents/Developer/Toolchains/XcodeDefault.xctoolchain/usr/bin]
  link line: [ "/Applications/Xcode.app/Contents/Developer/Toolchains/XcodeDefault.xctoolchain/usr/bin/ld" -demangle -lto_library /Applications/Xcode.app/Contents/Developer/Toolchains/XcodeDefault.xctoolchain/usr/lib/libLTO.dylib -dynamic -arch x86_64 -platform_version macos 12.0.0 12.1 -syslibroot /Applications/Xcode.app/Contents/Developer/Platforms/MacOSX.platform/Developer/SDKs/MacOSX12.1.sdk -o cmTC_2a414 -L/usr/local/opt/openblas/lib -L/usr/local/opt/lapack/lib -L/opt/intel/oneapi/tbb/2021.5.0/env/../lib -L/opt/intel/oneapi/mkl/2022.0.0/lib -L/opt/intel/oneapi/ippcp/2021.5.0/lib -L/opt/intel/oneapi/ipp/2021.5.0/lib -L/opt/intel/oneapi/dnnl/2022.0.0/cpu_iomp/lib -L/opt/intel/oneapi/dal/2021.5.0/lib -search_paths_first -headerpad_max_install_names -v CMakeFiles/cmTC_2a414.dir/CMakeCCompilerABI.c.o -lSystem /Applications/Xcode.app/Contents/Developer/Toolchains/XcodeDefault.xctoolchain/usr/lib/clang/13.0.0/lib/darwin/libclang_rt.osx.a]
    arg [/Applications/Xcode.app/Contents/Developer/Toolchains/XcodeDefault.xctoolchain/usr/bin/ld] ==> ignore
    arg [-demangle] ==> ignore
    arg [-lto_library] ==> ignore, skip following value
    arg [/Applications/Xcode.app/Contents/Developer/Toolchains/XcodeDefault.xctoolchain/usr/lib/libLTO.dylib] ==> skip value of -lto_library
    arg [-dynamic] ==> ignore
    arg [-arch] ==> ignore
    arg [x86_64] ==> ignore
    arg [-platform_version] ==> ignore
    arg [macos] ==> ignore
    arg [12.0.0] ==> ignore
    arg [12.1] ==> ignore
    arg [-syslibroot] ==> ignore
    arg [/Applications/Xcode.app/Contents/Developer/Platforms/MacOSX.platform/Developer/SDKs/MacOSX12.1.sdk] ==> ignore
    arg [-o] ==> ignore
    arg [cmTC_2a414] ==> ignore
    arg [-L/usr/local/opt/openblas/lib] ==> dir [/usr/local/opt/openblas/lib]
    arg [-L/usr/local/opt/lapack/lib] ==> dir [/usr/local/opt/lapack/lib]
    arg [-L/opt/intel/oneapi/tbb/2021.5.0/env/../lib] ==> dir [/opt/intel/oneapi/tbb/2021.5.0/env/../lib]
    arg [-L/opt/intel/oneapi/mkl/2022.0.0/lib] ==> dir [/opt/intel/oneapi/mkl/2022.0.0/lib]
    arg [-L/opt/intel/oneapi/ippcp/2021.5.0/lib] ==> dir [/opt/intel/oneapi/ippcp/2021.5.0/lib]
    arg [-L/opt/intel/oneapi/ipp/2021.5.0/lib] ==> dir [/opt/intel/oneapi/ipp/2021.5.0/lib]
    arg [-L/opt/intel/oneapi/dnnl/2022.0.0/cpu_iomp/lib] ==> dir [/opt/intel/oneapi/dnnl/2022.0.0/cpu_iomp/lib]
    arg [-L/opt/intel/oneapi/dal/2021.5.0/lib] ==> dir [/opt/intel/oneapi/dal/2021.5.0/lib]
    arg [-search_paths_first] ==> ignore
    arg [-headerpad_max_install_names] ==> ignore
    arg [-v] ==> ignore
    arg [CMakeFiles/cmTC_2a414.dir/CMakeCCompilerABI.c.o] ==> ignore
    arg [-lSystem] ==> lib [System]
    arg [/Applications/Xcode.app/Contents/Developer/Toolchains/XcodeDefault.xctoolchain/usr/lib/clang/13.0.0/lib/darwin/libclang_rt.osx.a] ==> lib [/Applications/Xcode.app/Contents/Developer/Toolchains/XcodeDefault.xctoolchain/usr/lib/clang/13.0.0/lib/darwin/libclang_rt.osx.a]
  Library search paths: [;/usr/local/opt/openblas/lib;/usr/local/opt/lapack/lib;/opt/intel/oneapi/tbb/2021.5.0/lib;/opt/intel/oneapi/mkl/2022.0.0/lib;/opt/intel/oneapi/ippcp/2021.5.0/lib;/opt/intel/oneapi/ipp/2021.5.0/lib;/opt/intel/oneapi/dnnl/2022.0.0/cpu_iomp/lib;/opt/intel/oneapi/dal/2021.5.0/lib;/Applications/Xcode.app/Contents/Developer/Platforms/MacOSX.platform/Developer/SDKs/MacOSX12.1.sdk/usr/lib]
  Framework search paths: [;/Applications/Xcode.app/Contents/Developer/Platforms/MacOSX.platform/Developer/SDKs/MacOSX12.1.sdk/System/Library/Frameworks/]
  remove lib [System]
  remove lib [/Applications/Xcode.app/Contents/Developer/Toolchains/XcodeDefault.xctoolchain/usr/lib/clang/13.0.0/lib/darwin/libclang_rt.osx.a]
  collapse library dir [/usr/local/opt/openblas/lib] ==> [/usr/local/opt/openblas/lib]
  collapse library dir [/usr/local/opt/lapack/lib] ==> [/usr/local/opt/lapack/lib]
  collapse library dir [/opt/intel/oneapi/tbb/2021.5.0/env/../lib] ==> [/opt/intel/oneapi/tbb/2021.5.0/lib]
  collapse library dir [/opt/intel/oneapi/mkl/2022.0.0/lib] ==> [/opt/intel/oneapi/mkl/2022.0.0/lib]
  collapse library dir [/opt/intel/oneapi/ippcp/2021.5.0/lib] ==> [/opt/intel/oneapi/ippcp/2021.5.0/lib]
  collapse library dir [/opt/intel/oneapi/ipp/2021.5.0/lib] ==> [/opt/intel/oneapi/ipp/2021.5.0/lib]
  collapse library dir [/opt/intel/oneapi/dnnl/2022.0.0/cpu_iomp/lib] ==> [/opt/intel/oneapi/dnnl/2022.0.0/cpu_iomp/lib]
  collapse library dir [/opt/intel/oneapi/dal/2021.5.0/lib] ==> [/opt/intel/oneapi/dal/2021.5.0/lib]
  collapse library dir [/usr/local/opt/openblas/lib] ==> [/usr/local/opt/openblas/lib]
  collapse library dir [/usr/local/opt/lapack/lib] ==> [/usr/local/opt/lapack/lib]
  collapse library dir [/opt/intel/oneapi/tbb/2021.5.0/lib] ==> [/opt/intel/oneapi/tbb/2021.5.0/lib]
  collapse library dir [/opt/intel/oneapi/mkl/2022.0.0/lib] ==> [/opt/intel/oneapi/mkl/2022.0.0/lib]
  collapse library dir [/opt/intel/oneapi/ippcp/2021.5.0/lib] ==> [/opt/intel/oneapi/ippcp/2021.5.0/lib]
  collapse library dir [/opt/intel/oneapi/ipp/2021.5.0/lib] ==> [/opt/intel/oneapi/ipp/2021.5.0/lib]
  collapse library dir [/opt/intel/oneapi/dnnl/2022.0.0/cpu_iomp/lib] ==> [/opt/intel/oneapi/dnnl/2022.0.0/cpu_iomp/lib]
  collapse library dir [/opt/intel/oneapi/dal/2021.5.0/lib] ==> [/opt/intel/oneapi/dal/2021.5.0/lib]
  collapse library dir [/Applications/Xcode.app/Contents/Developer/Platforms/MacOSX.platform/Developer/SDKs/MacOSX12.1.sdk/usr/lib] ==> [/Applications/Xcode.app/Contents/Developer/Platforms/MacOSX.platform/Developer/SDKs/MacOSX12.1.sdk/usr/lib]
  collapse framework dir [/Applications/Xcode.app/Contents/Developer/Platforms/MacOSX.platform/Developer/SDKs/MacOSX12.1.sdk/System/Library/Frameworks/] ==> [/Applications/Xcode.app/Contents/Developer/Platforms/MacOSX.platform/Developer/SDKs/MacOSX12.1.sdk/System/Library/Frameworks]
  implicit libs: []
  implicit objs: []
  implicit dirs: [/usr/local/opt/openblas/lib;/usr/local/opt/lapack/lib;/opt/intel/oneapi/tbb/2021.5.0/lib;/opt/intel/oneapi/mkl/2022.0.0/lib;/opt/intel/oneapi/ippcp/2021.5.0/lib;/opt/intel/oneapi/ipp/2021.5.0/lib;/opt/intel/oneapi/dnnl/2022.0.0/cpu_iomp/lib;/opt/intel/oneapi/dal/2021.5.0/lib;/Applications/Xcode.app/Contents/Developer/Platforms/MacOSX.platform/Developer/SDKs/MacOSX12.1.sdk/usr/lib]
  implicit fwks: [/Applications/Xcode.app/Contents/Developer/Platforms/MacOSX.platform/Developer/SDKs/MacOSX12.1.sdk/System/Library/Frameworks]


Detecting Fortran compiler ABI info compiled with the following output:
Change Dir: /Users/asha/Developer/WACCM/cime/tools/cprnc/CMakeFiles/CMakeTmp

Run Build Command(s):/usr/bin/make -f Makefile cmTC_b9c17/fast && /Applications/Xcode.app/Contents/Developer/usr/bin/make  -f CMakeFiles/cmTC_b9c17.dir/build.make CMakeFiles/cmTC_b9c17.dir/build
Building Fortran object CMakeFiles/cmTC_b9c17.dir/CMakeFortranCompilerABI.F90.o
/usr/local/bin/gfortran   -isysroot /Applications/Xcode.app/Contents/Developer/Platforms/MacOSX.platform/Developer/SDKs/MacOSX12.1.sdk   -v -Wl,-v -c /usr/local/Cellar/cmake/3.22.1/share/cmake/Modules/CMakeFortranCompilerABI.F90 -o CMakeFiles/cmTC_b9c17.dir/CMakeFortranCompilerABI.F90.o
Using built-in specs.
COLLECT_GCC=/usr/local/bin/gfortran
Target: x86_64-apple-darwin21
Configured with: ../configure --prefix=/usr/local/opt/gcc --libdir=/usr/local/opt/gcc/lib/gcc/11 --disable-nls --enable-checking=release --with-gcc-major-version-only --enable-languages=c,c++,objc,obj-c++,fortran,d --program-suffix=-11 --with-gmp=/usr/local/opt/gmp --with-mpfr=/usr/local/opt/mpfr --with-mpc=/usr/local/opt/libmpc --with-isl=/usr/local/opt/isl --with-zstd=/usr/local/opt/zstd --with-pkgversion='Homebrew GCC 11.2.0_3' --with-bugurl=https://github.com/Homebrew/homebrew-core/issues --enable-libphobos --build=x86_64-apple-darwin21 --with-system-zlib --disable-multilib --with-native-system-header-dir=/usr/include --with-sysroot=/Library/Developer/CommandLineTools/SDKs/MacOSX12.sdk
Thread model: posix
Supported LTO compression algorithms: zlib zstd
gcc version 11.2.0 (Homebrew GCC 11.2.0_3) 
COLLECT_GCC_OPTIONS='-isysroot' '/Applications/Xcode.app/Contents/Developer/Platforms/MacOSX.platform/Developer/SDKs/MacOSX12.1.sdk' '-v' '-c' '-o' 'CMakeFiles/cmTC_b9c17.dir/CMakeFortranCompilerABI.F90.o' '-mmacosx-version-min=12.1.0' '-asm_macosx_version_min=12.1' '-mtune=core2' '-dumpdir' 'CMakeFiles/cmTC_b9c17.dir/'
 /usr/local/Cellar/gcc/11.2.0_3/bin/../libexec/gcc/x86_64-apple-darwin21/11/f951 /usr/local/Cellar/cmake/3.22.1/share/cmake/Modules/CMakeFortranCompilerABI.F90 -cpp=/var/folders/76/0g8l217d5b92zmblzymyw76w0000gp/T//cc9xGFCq.f90 -quiet -v -iprefix /usr/local/Cellar/gcc/11.2.0_3/bin/../lib/gcc/11/gcc/x86_64-apple-darwin21/11/ -D__DYNAMIC__ -isysroot /Applications/Xcode.app/Contents/Developer/Platforms/MacOSX.platform/Developer/SDKs/MacOSX12.1.sdk /usr/local/Cellar/cmake/3.22.1/share/cmake/Modules/CMakeFortranCompilerABI.F90 -fPIC -quiet -dumpdir CMakeFiles/cmTC_b9c17.dir/ -dumpbase CMakeFortranCompilerABI.F90.F90 -dumpbase-ext .F90 -mmacosx-version-min=12.1.0 -mtune=core2 -version -fintrinsic-modules-path /usr/local/Cellar/gcc/11.2.0_3/bin/../lib/gcc/11/gcc/x86_64-apple-darwin21/11/finclude -o /var/folders/76/0g8l217d5b92zmblzymyw76w0000gp/T//cczCRCEf.s
GNU Fortran (Homebrew GCC 11.2.0_3) version 11.2.0 (x86_64-apple-darwin21)
	compiled by GNU C version 11.2.0, GMP version 6.2.1, MPFR version 4.1.0, MPC version 1.2.1, isl version isl-0.24-GMP

GGC heuristics: --param ggc-min-expand=100 --param ggc-min-heapsize=131072
ignoring nonexistent directory "/usr/local/Cellar/gcc/11.2.0_3/bin/../lib/gcc/11/gcc/x86_64-apple-darwin21/11/../../../../../../x86_64-apple-darwin21/include"
ignoring duplicate directory "/usr/local/Cellar/gcc/11.2.0_3/bin/../lib/gcc/11/gcc/../../../../lib/gcc/11/gcc/x86_64-apple-darwin21/11/include"
ignoring nonexistent directory "/Applications/Xcode.app/Contents/Developer/Platforms/MacOSX.platform/Developer/SDKs/MacOSX12.1.sdk/usr/local/include"
ignoring duplicate directory "/usr/local/Cellar/gcc/11.2.0_3/bin/../lib/gcc/11/gcc/../../../../lib/gcc/11/gcc/x86_64-apple-darwin21/11/include-fixed"
ignoring nonexistent directory "/usr/local/Cellar/gcc/11.2.0_3/bin/../lib/gcc/11/gcc/../../../../lib/gcc/11/gcc/x86_64-apple-darwin21/11/../../../../../../x86_64-apple-darwin21/include"
#include "..." search starts here:
#include <...> search starts here:
 /usr/local/Cellar/gcc/11.2.0_3/bin/../lib/gcc/11/gcc/x86_64-apple-darwin21/11/finclude
 /opt/intel/oneapi/tbb/2021.5.0/env/../include
 /opt/intel/oneapi/mkl/2022.0.0/include
 /opt/intel/oneapi/ippcp/2021.5.0/include
 /opt/intel/oneapi/ipp/2021.5.0/include
 /opt/intel/oneapi/dnnl/2022.0.0/cpu_iomp/lib
 /opt/intel/oneapi/dev-utilities/2021.5.0/include
 /opt/intel/oneapi/dal/2021.5.0/include
 /usr/local/Cellar/gcc/11.2.0_3/bin/../lib/gcc/11/gcc/x86_64-apple-darwin21/11/include
 /usr/local/Cellar/gcc/11.2.0_3/bin/../lib/gcc/11/gcc/x86_64-apple-darwin21/11/include-fixed
 /Applications/Xcode.app/Contents/Developer/Platforms/MacOSX.platform/Developer/SDKs/MacOSX12.1.sdk/usr/include
End of search list.
GNU Fortran2008 (Homebrew GCC 11.2.0_3) version 11.2.0 (x86_64-apple-darwin21)
	compiled by GNU C version 11.2.0, GMP version 6.2.1, MPFR version 4.1.0, MPC version 1.2.1, isl version isl-0.24-GMP

GGC heuristics: --param ggc-min-expand=100 --param ggc-min-heapsize=131072
COLLECT_GCC_OPTIONS='-isysroot' '/Applications/Xcode.app/Contents/Developer/Platforms/MacOSX.platform/Developer/SDKs/MacOSX12.1.sdk' '-v' '-c' '-o' 'CMakeFiles/cmTC_b9c17.dir/CMakeFortranCompilerABI.F90.o' '-mmacosx-version-min=12.1.0'  '-mtune=core2' '-dumpdir' 'CMakeFiles/cmTC_b9c17.dir/'
 as -arch x86_64 -v -force_cpusubtype_ALL -mmacosx-version-min=12.1 -o CMakeFiles/cmTC_b9c17.dir/CMakeFortranCompilerABI.F90.o /var/folders/76/0g8l217d5b92zmblzymyw76w0000gp/T//cczCRCEf.s
Apple clang version 13.0.0 (clang-1300.0.29.30)
Target: x86_64-apple-darwin21.2.0
Thread model: posix
InstalledDir: /Applications/Xcode.app/Contents/Developer/Toolchains/XcodeDefault.xctoolchain/usr/bin
 "/Applications/Xcode.app/Contents/Developer/Toolchains/XcodeDefault.xctoolchain/usr/bin/clang" -cc1as -triple x86_64-apple-macosx12.1.0 -filetype obj -main-file-name cczCRCEf.s -target-cpu penryn -fdebug-compilation-dir /Users/asha/Developer/WACCM/cime/tools/cprnc/CMakeFiles/CMakeTmp -dwarf-debug-producer "Apple clang version 13.0.0 (clang-1300.0.29.30)" -dwarf-version=4 -mrelocation-model pic --mrelax-relocations -mllvm -disable-aligned-alloc-awareness=1 -mllvm -enable-dse-memoryssa=0 -o CMakeFiles/cmTC_b9c17.dir/CMakeFortranCompilerABI.F90.o /var/folders/76/0g8l217d5b92zmblzymyw76w0000gp/T//cczCRCEf.s
COMPILER_PATH=/usr/local/Cellar/gcc/11.2.0_3/bin/../libexec/gcc/x86_64-apple-darwin21/11/:/usr/local/Cellar/gcc/11.2.0_3/bin/../libexec/gcc/
LIBRARY_PATH=/usr/local/Cellar/gcc/11.2.0_3/bin/../lib/gcc/11/gcc/x86_64-apple-darwin21/11/:/usr/local/Cellar/gcc/11.2.0_3/bin/../lib/gcc/11/gcc/:/opt/intel/oneapi/tbb/2021.5.0/env/../lib/:/opt/intel/oneapi/mkl/2022.0.0/lib/:/opt/intel/oneapi/ippcp/2021.5.0/lib/:/opt/intel/oneapi/ipp/2021.5.0/lib/:/opt/intel/oneapi/dnnl/2022.0.0/cpu_iomp/lib/:/opt/intel/oneapi/dal/2021.5.0/lib/:/usr/local/Cellar/gcc/11.2.0_3/bin/../lib/gcc/11/gcc/x86_64-apple-darwin21/11/../../../
COLLECT_GCC_OPTIONS='-isysroot' '/Applications/Xcode.app/Contents/Developer/Platforms/MacOSX.platform/Developer/SDKs/MacOSX12.1.sdk' '-v' '-c' '-o' 'CMakeFiles/cmTC_b9c17.dir/CMakeFortranCompilerABI.F90.o' '-mmacosx-version-min=12.1.0'  '-mtune=core2' '-dumpdir' 'CMakeFiles/cmTC_b9c17.dir/CMakeFortranCompilerABI.F90.'
Linking Fortran executable cmTC_b9c17
/usr/local/Cellar/cmake/3.22.1/bin/cmake -E cmake_link_script CMakeFiles/cmTC_b9c17.dir/link.txt --verbose=1
/usr/local/bin/gfortran -L/usr/local/opt/openblas/lib -L/usr/local/opt/lapack/lib -v -Wl,-v  -isysroot /Applications/Xcode.app/Contents/Developer/Platforms/MacOSX.platform/Developer/SDKs/MacOSX12.1.sdk CMakeFiles/cmTC_b9c17.dir/CMakeFortranCompilerABI.F90.o -o cmTC_b9c17 
Driving: /usr/local/bin/gfortran -L/usr/local/opt/openblas/lib -L/usr/local/opt/lapack/lib -v -Wl,-v -isysroot /Applications/Xcode.app/Contents/Developer/Platforms/MacOSX.platform/Developer/SDKs/MacOSX12.1.sdk CMakeFiles/cmTC_b9c17.dir/CMakeFortranCompilerABI.F90.o -o cmTC_b9c17 -mmacosx-version-min=12.1.0 -asm_macosx_version_min=12.1 -l gfortran -shared-libgcc
Using built-in specs.
COLLECT_GCC=/usr/local/bin/gfortran
COLLECT_LTO_WRAPPER=/usr/local/Cellar/gcc/11.2.0_3/bin/../libexec/gcc/x86_64-apple-darwin21/11/lto-wrapper
Target: x86_64-apple-darwin21
Configured with: ../configure --prefix=/usr/local/opt/gcc --libdir=/usr/local/opt/gcc/lib/gcc/11 --disable-nls --enable-checking=release --with-gcc-major-version-only --enable-languages=c,c++,objc,obj-c++,fortran,d --program-suffix=-11 --with-gmp=/usr/local/opt/gmp --with-mpfr=/usr/local/opt/mpfr --with-mpc=/usr/local/opt/libmpc --with-isl=/usr/local/opt/isl --with-zstd=/usr/local/opt/zstd --with-pkgversion='Homebrew GCC 11.2.0_3' --with-bugurl=https://github.com/Homebrew/homebrew-core/issues --enable-libphobos --build=x86_64-apple-darwin21 --with-system-zlib --disable-multilib --with-native-system-header-dir=/usr/include --with-sysroot=/Library/Developer/CommandLineTools/SDKs/MacOSX12.sdk
Thread model: posix
Supported LTO compression algorithms: zlib zstd
gcc version 11.2.0 (Homebrew GCC 11.2.0_3) 
Reading specs from /usr/local/Cellar/gcc/11.2.0_3/bin/../lib/gcc/11/gcc/x86_64-apple-darwin21/11/../../../libgfortran.spec
rename spec lib to liborig
COLLECT_GCC_OPTIONS='-L/usr/local/opt/openblas/lib' '-L/usr/local/opt/lapack/lib' '-v' '-isysroot' '/Applications/Xcode.app/Contents/Developer/Platforms/MacOSX.platform/Developer/SDKs/MacOSX12.1.sdk' '-o' 'cmTC_b9c17' '-mmacosx-version-min=12.1.0' '-asm_macosx_version_min=12.1' '-shared-libgcc' '-mtune=core2' '-dumpdir' 'cmTC_b9c17-'
COMPILER_PATH=/usr/local/Cellar/gcc/11.2.0_3/bin/../libexec/gcc/x86_64-apple-darwin21/11/:/usr/local/Cellar/gcc/11.2.0_3/bin/../libexec/gcc/
LIBRARY_PATH=/usr/local/Cellar/gcc/11.2.0_3/bin/../lib/gcc/11/gcc/x86_64-apple-darwin21/11/:/usr/local/Cellar/gcc/11.2.0_3/bin/../lib/gcc/11/gcc/:/opt/intel/oneapi/tbb/2021.5.0/env/../lib/:/opt/intel/oneapi/mkl/2022.0.0/lib/:/opt/intel/oneapi/ippcp/2021.5.0/lib/:/opt/intel/oneapi/ipp/2021.5.0/lib/:/opt/intel/oneapi/dnnl/2022.0.0/cpu_iomp/lib/:/opt/intel/oneapi/dal/2021.5.0/lib/:/usr/local/Cellar/gcc/11.2.0_3/bin/../lib/gcc/11/gcc/x86_64-apple-darwin21/11/../../../
COLLECT_GCC_OPTIONS='-L/usr/local/opt/openblas/lib' '-L/usr/local/opt/lapack/lib' '-v' '-isysroot' '/Applications/Xcode.app/Contents/Developer/Platforms/MacOSX.platform/Developer/SDKs/MacOSX12.1.sdk' '-o' 'cmTC_b9c17' '-mmacosx-version-min=12.1.0' '-asm_macosx_version_min=12.1' '-shared-libgcc' '-mtune=core2' '-dumpdir' 'cmTC_b9c17.'
 /usr/local/Cellar/gcc/11.2.0_3/bin/../libexec/gcc/x86_64-apple-darwin21/11/collect2 -dynamic -arch x86_64 -macosx_version_min 12.1.0 -syslibroot /Applications/Xcode.app/Contents/Developer/Platforms/MacOSX.platform/Developer/SDKs/MacOSX12.1.sdk -weak_reference_mismatches non-weak -o cmTC_b9c17 -L/usr/local/opt/openblas/lib -L/usr/local/opt/lapack/lib -L/usr/local/Cellar/gcc/11.2.0_3/bin/../lib/gcc/11/gcc/x86_64-apple-darwin21/11 -L/usr/local/Cellar/gcc/11.2.0_3/bin/../lib/gcc/11/gcc -L/opt/intel/oneapi/tbb/2021.5.0/env/../lib -L/opt/intel/oneapi/mkl/2022.0.0/lib -L/opt/intel/oneapi/ippcp/2021.5.0/lib -L/opt/intel/oneapi/ipp/2021.5.0/lib -L/opt/intel/oneapi/dnnl/2022.0.0/cpu_iomp/lib -L/opt/intel/oneapi/dal/2021.5.0/lib -L/usr/local/Cellar/gcc/11.2.0_3/bin/../lib/gcc/11/gcc/x86_64-apple-darwin21/11/../../.. -v CMakeFiles/cmTC_b9c17.dir/CMakeFortranCompilerABI.F90.o -lgfortran -lSystem -lgcc_ext.10.5 -lgcc -lquadmath -lm -lgcc_ext.10.5 -lgcc -lSystem -no_compact_unwind -v
collect2 version 11.2.0
/opt/local/bin/ld -dynamic -arch x86_64 -macosx_version_min 12.1.0 -syslibroot /Applications/Xcode.app/Contents/Developer/Platforms/MacOSX.platform/Developer/SDKs/MacOSX12.1.sdk -weak_reference_mismatches non-weak -o cmTC_b9c17 -L/usr/local/opt/openblas/lib -L/usr/local/opt/lapack/lib -L/usr/local/Cellar/gcc/11.2.0_3/bin/../lib/gcc/11/gcc/x86_64-apple-darwin21/11 -L/usr/local/Cellar/gcc/11.2.0_3/bin/../lib/gcc/11/gcc -L/opt/intel/oneapi/tbb/2021.5.0/env/../lib -L/opt/intel/oneapi/mkl/2022.0.0/lib -L/opt/intel/oneapi/ippcp/2021.5.0/lib -L/opt/intel/oneapi/ipp/2021.5.0/lib -L/opt/intel/oneapi/dnnl/2022.0.0/cpu_iomp/lib -L/opt/intel/oneapi/dal/2021.5.0/lib -L/usr/local/Cellar/gcc/11.2.0_3/bin/../lib/gcc/11/gcc/x86_64-apple-darwin21/11/../../.. -v CMakeFiles/cmTC_b9c17.dir/CMakeFortranCompilerABI.F90.o -lgfortran -lSystem -lgcc_ext.10.5 -lgcc -lquadmath -lm -lgcc_ext.10.5 -lgcc -lSystem -no_compact_unwind -v
@(#)PROGRAM:ld  PROJECT:ld64-711
BUILD 21:57:11 Nov 17 2021
configured to support archs: armv6 armv7 armv7s arm64 arm64e arm64_32 i386 x86_64 x86_64h armv6m armv7k armv7m armv7em
@(#)PROGRAM:ld  PROJECT:ld64-711
BUILD 21:57:11 Nov 17 2021
configured to support archs: armv6 armv7 armv7s arm64 arm64e arm64_32 i386 x86_64 x86_64h armv6m armv7k armv7m armv7em
Library search paths:
	/usr/local/opt/openblas/lib
	/usr/local/opt/lapack/lib
	/usr/local/Cellar/gcc/11.2.0_3/lib/gcc/11/gcc/x86_64-apple-darwin21/11
	/usr/local/Cellar/gcc/11.2.0_3/lib/gcc/11/gcc
	/opt/intel/oneapi/tbb/2021.5.0/lib
	/opt/intel/oneapi/mkl/2022.0.0/lib
	/opt/intel/oneapi/ippcp/2021.5.0/lib
	/opt/intel/oneapi/ipp/2021.5.0/lib
	/opt/intel/oneapi/dnnl/2022.0.0/cpu_iomp/lib
	/opt/intel/oneapi/dal/2021.5.0/lib
	/usr/local/Cellar/gcc/11.2.0_3/lib/gcc/11
	/Applications/Xcode.app/Contents/Developer/Platforms/MacOSX.platform/Developer/SDKs/MacOSX12.1.sdk/usr/lib
Framework search paths:
	/Applications/Xcode.app/Contents/Developer/Platforms/MacOSX.platform/Developer/SDKs/MacOSX12.1.sdk/System/Library/Frameworks/



Parsed Fortran implicit include dir info from above output: rv=done
  found start of include info
  found start of implicit include info
    add: [/usr/local/Cellar/gcc/11.2.0_3/bin/../lib/gcc/11/gcc/x86_64-apple-darwin21/11/finclude]
    add: [/opt/intel/oneapi/tbb/2021.5.0/env/../include]
    add: [/opt/intel/oneapi/mkl/2022.0.0/include]
    add: [/opt/intel/oneapi/ippcp/2021.5.0/include]
    add: [/opt/intel/oneapi/ipp/2021.5.0/include]
    add: [/opt/intel/oneapi/dnnl/2022.0.0/cpu_iomp/lib]
    add: [/opt/intel/oneapi/dev-utilities/2021.5.0/include]
    add: [/opt/intel/oneapi/dal/2021.5.0/include]
    add: [/usr/local/Cellar/gcc/11.2.0_3/bin/../lib/gcc/11/gcc/x86_64-apple-darwin21/11/include]
    add: [/usr/local/Cellar/gcc/11.2.0_3/bin/../lib/gcc/11/gcc/x86_64-apple-darwin21/11/include-fixed]
    add: [/Applications/Xcode.app/Contents/Developer/Platforms/MacOSX.platform/Developer/SDKs/MacOSX12.1.sdk/usr/include]
  end of search list found
  collapse include dir [/usr/local/Cellar/gcc/11.2.0_3/bin/../lib/gcc/11/gcc/x86_64-apple-darwin21/11/finclude] ==> [/usr/local/Cellar/gcc/11.2.0_3/lib/gcc/11/gcc/x86_64-apple-darwin21/11/finclude]
  collapse include dir [/opt/intel/oneapi/tbb/2021.5.0/env/../include] ==> [/opt/intel/oneapi/tbb/2021.5.0/include]
  collapse include dir [/opt/intel/oneapi/mkl/2022.0.0/include] ==> [/opt/intel/oneapi/mkl/2022.0.0/include]
  collapse include dir [/opt/intel/oneapi/ippcp/2021.5.0/include] ==> [/opt/intel/oneapi/ippcp/2021.5.0/include]
  collapse include dir [/opt/intel/oneapi/ipp/2021.5.0/include] ==> [/opt/intel/oneapi/ipp/2021.5.0/include]
  collapse include dir [/opt/intel/oneapi/dnnl/2022.0.0/cpu_iomp/lib] ==> [/opt/intel/oneapi/dnnl/2022.0.0/cpu_iomp/lib]
  collapse include dir [/opt/intel/oneapi/dev-utilities/2021.5.0/include] ==> [/opt/intel/oneapi/dev-utilities/2021.5.0/include]
  collapse include dir [/opt/intel/oneapi/dal/2021.5.0/include] ==> [/opt/intel/oneapi/dal/2021.5.0/include]
  collapse include dir [/usr/local/Cellar/gcc/11.2.0_3/bin/../lib/gcc/11/gcc/x86_64-apple-darwin21/11/include] ==> [/usr/local/Cellar/gcc/11.2.0_3/lib/gcc/11/gcc/x86_64-apple-darwin21/11/include]
  collapse include dir [/usr/local/Cellar/gcc/11.2.0_3/bin/../lib/gcc/11/gcc/x86_64-apple-darwin21/11/include-fixed] ==> [/usr/local/Cellar/gcc/11.2.0_3/lib/gcc/11/gcc/x86_64-apple-darwin21/11/include-fixed]
  collapse include dir [/Applications/Xcode.app/Contents/Developer/Platforms/MacOSX.platform/Developer/SDKs/MacOSX12.1.sdk/usr/include] ==> [/Applications/Xcode.app/Contents/Developer/Platforms/MacOSX.platform/Developer/SDKs/MacOSX12.1.sdk/usr/include]
  implicit include dirs: [/usr/local/Cellar/gcc/11.2.0_3/lib/gcc/11/gcc/x86_64-apple-darwin21/11/finclude;/opt/intel/oneapi/tbb/2021.5.0/include;/opt/intel/oneapi/mkl/2022.0.0/include;/opt/intel/oneapi/ippcp/2021.5.0/include;/opt/intel/oneapi/ipp/2021.5.0/include;/opt/intel/oneapi/dnnl/2022.0.0/cpu_iomp/lib;/opt/intel/oneapi/dev-utilities/2021.5.0/include;/opt/intel/oneapi/dal/2021.5.0/include;/usr/local/Cellar/gcc/11.2.0_3/lib/gcc/11/gcc/x86_64-apple-darwin21/11/include;/usr/local/Cellar/gcc/11.2.0_3/lib/gcc/11/gcc/x86_64-apple-darwin21/11/include-fixed;/Applications/Xcode.app/Contents/Developer/Platforms/MacOSX.platform/Developer/SDKs/MacOSX12.1.sdk/usr/include]


Parsed Fortran implicit link information from above output:
  link line regex: [^( *|.*[/\])(ld|CMAKE_LINK_STARTFILE-NOTFOUND|([^/\]+-)?ld|collect2)[^/\]*( |$)]
  ignore line: [Change Dir: /Users/asha/Developer/WACCM/cime/tools/cprnc/CMakeFiles/CMakeTmp]
  ignore line: []
  ignore line: [Run Build Command(s):/usr/bin/make -f Makefile cmTC_b9c17/fast && /Applications/Xcode.app/Contents/Developer/usr/bin/make  -f CMakeFiles/cmTC_b9c17.dir/build.make CMakeFiles/cmTC_b9c17.dir/build]
  ignore line: [Building Fortran object CMakeFiles/cmTC_b9c17.dir/CMakeFortranCompilerABI.F90.o]
  ignore line: [/usr/local/bin/gfortran   -isysroot /Applications/Xcode.app/Contents/Developer/Platforms/MacOSX.platform/Developer/SDKs/MacOSX12.1.sdk   -v -Wl -v -c /usr/local/Cellar/cmake/3.22.1/share/cmake/Modules/CMakeFortranCompilerABI.F90 -o CMakeFiles/cmTC_b9c17.dir/CMakeFortranCompilerABI.F90.o]
  ignore line: [Using built-in specs.]
  ignore line: [COLLECT_GCC=/usr/local/bin/gfortran]
  ignore line: [Target: x86_64-apple-darwin21]
  ignore line: [Configured with: ../configure --prefix=/usr/local/opt/gcc --libdir=/usr/local/opt/gcc/lib/gcc/11 --disable-nls --enable-checking=release --with-gcc-major-version-only --enable-languages=c c++ objc obj-c++ fortran d --program-suffix=-11 --with-gmp=/usr/local/opt/gmp --with-mpfr=/usr/local/opt/mpfr --with-mpc=/usr/local/opt/libmpc --with-isl=/usr/local/opt/isl --with-zstd=/usr/local/opt/zstd --with-pkgversion='Homebrew GCC 11.2.0_3' --with-bugurl=https://github.com/Homebrew/homebrew-core/issues --enable-libphobos --build=x86_64-apple-darwin21 --with-system-zlib --disable-multilib --with-native-system-header-dir=/usr/include --with-sysroot=/Library/Developer/CommandLineTools/SDKs/MacOSX12.sdk]
  ignore line: [Thread model: posix]
  ignore line: [Supported LTO compression algorithms: zlib zstd]
  ignore line: [gcc version 11.2.0 (Homebrew GCC 11.2.0_3) ]
  ignore line: [COLLECT_GCC_OPTIONS='-isysroot' '/Applications/Xcode.app/Contents/Developer/Platforms/MacOSX.platform/Developer/SDKs/MacOSX12.1.sdk' '-v' '-c' '-o' 'CMakeFiles/cmTC_b9c17.dir/CMakeFortranCompilerABI.F90.o' '-mmacosx-version-min=12.1.0' '-asm_macosx_version_min=12.1' '-mtune=core2' '-dumpdir' 'CMakeFiles/cmTC_b9c17.dir/']
  ignore line: [ /usr/local/Cellar/gcc/11.2.0_3/bin/../libexec/gcc/x86_64-apple-darwin21/11/f951 /usr/local/Cellar/cmake/3.22.1/share/cmake/Modules/CMakeFortranCompilerABI.F90 -cpp=/var/folders/76/0g8l217d5b92zmblzymyw76w0000gp/T//cc9xGFCq.f90 -quiet -v -iprefix /usr/local/Cellar/gcc/11.2.0_3/bin/../lib/gcc/11/gcc/x86_64-apple-darwin21/11/ -D__DYNAMIC__ -isysroot /Applications/Xcode.app/Contents/Developer/Platforms/MacOSX.platform/Developer/SDKs/MacOSX12.1.sdk /usr/local/Cellar/cmake/3.22.1/share/cmake/Modules/CMakeFortranCompilerABI.F90 -fPIC -quiet -dumpdir CMakeFiles/cmTC_b9c17.dir/ -dumpbase CMakeFortranCompilerABI.F90.F90 -dumpbase-ext .F90 -mmacosx-version-min=12.1.0 -mtune=core2 -version -fintrinsic-modules-path /usr/local/Cellar/gcc/11.2.0_3/bin/../lib/gcc/11/gcc/x86_64-apple-darwin21/11/finclude -o /var/folders/76/0g8l217d5b92zmblzymyw76w0000gp/T//cczCRCEf.s]
  ignore line: [GNU Fortran (Homebrew GCC 11.2.0_3) version 11.2.0 (x86_64-apple-darwin21)]
  ignore line: [	compiled by GNU C version 11.2.0  GMP version 6.2.1  MPFR version 4.1.0  MPC version 1.2.1  isl version isl-0.24-GMP]
  ignore line: []
  ignore line: [GGC heuristics: --param ggc-min-expand=100 --param ggc-min-heapsize=131072]
  ignore line: [ignoring nonexistent directory "/usr/local/Cellar/gcc/11.2.0_3/bin/../lib/gcc/11/gcc/x86_64-apple-darwin21/11/../../../../../../x86_64-apple-darwin21/include"]
  ignore line: [ignoring duplicate directory "/usr/local/Cellar/gcc/11.2.0_3/bin/../lib/gcc/11/gcc/../../../../lib/gcc/11/gcc/x86_64-apple-darwin21/11/include"]
  ignore line: [ignoring nonexistent directory "/Applications/Xcode.app/Contents/Developer/Platforms/MacOSX.platform/Developer/SDKs/MacOSX12.1.sdk/usr/local/include"]
  ignore line: [ignoring duplicate directory "/usr/local/Cellar/gcc/11.2.0_3/bin/../lib/gcc/11/gcc/../../../../lib/gcc/11/gcc/x86_64-apple-darwin21/11/include-fixed"]
  ignore line: [ignoring nonexistent directory "/usr/local/Cellar/gcc/11.2.0_3/bin/../lib/gcc/11/gcc/../../../../lib/gcc/11/gcc/x86_64-apple-darwin21/11/../../../../../../x86_64-apple-darwin21/include"]
  ignore line: [#include "..." search starts here:]
  ignore line: [#include <...> search starts here:]
  ignore line: [ /usr/local/Cellar/gcc/11.2.0_3/bin/../lib/gcc/11/gcc/x86_64-apple-darwin21/11/finclude]
  ignore line: [ /opt/intel/oneapi/tbb/2021.5.0/env/../include]
  ignore line: [ /opt/intel/oneapi/mkl/2022.0.0/include]
  ignore line: [ /opt/intel/oneapi/ippcp/2021.5.0/include]
  ignore line: [ /opt/intel/oneapi/ipp/2021.5.0/include]
  ignore line: [ /opt/intel/oneapi/dnnl/2022.0.0/cpu_iomp/lib]
  ignore line: [ /opt/intel/oneapi/dev-utilities/2021.5.0/include]
  ignore line: [ /opt/intel/oneapi/dal/2021.5.0/include]
  ignore line: [ /usr/local/Cellar/gcc/11.2.0_3/bin/../lib/gcc/11/gcc/x86_64-apple-darwin21/11/include]
  ignore line: [ /usr/local/Cellar/gcc/11.2.0_3/bin/../lib/gcc/11/gcc/x86_64-apple-darwin21/11/include-fixed]
  ignore line: [ /Applications/Xcode.app/Contents/Developer/Platforms/MacOSX.platform/Developer/SDKs/MacOSX12.1.sdk/usr/include]
  ignore line: [End of search list.]
  ignore line: [GNU Fortran2008 (Homebrew GCC 11.2.0_3) version 11.2.0 (x86_64-apple-darwin21)]
  ignore line: [	compiled by GNU C version 11.2.0  GMP version 6.2.1  MPFR version 4.1.0  MPC version 1.2.1  isl version isl-0.24-GMP]
  ignore line: []
  ignore line: [GGC heuristics: --param ggc-min-expand=100 --param ggc-min-heapsize=131072]
  ignore line: [COLLECT_GCC_OPTIONS='-isysroot' '/Applications/Xcode.app/Contents/Developer/Platforms/MacOSX.platform/Developer/SDKs/MacOSX12.1.sdk' '-v' '-c' '-o' 'CMakeFiles/cmTC_b9c17.dir/CMakeFortranCompilerABI.F90.o' '-mmacosx-version-min=12.1.0'  '-mtune=core2' '-dumpdir' 'CMakeFiles/cmTC_b9c17.dir/']
  ignore line: [ as -arch x86_64 -v -force_cpusubtype_ALL -mmacosx-version-min=12.1 -o CMakeFiles/cmTC_b9c17.dir/CMakeFortranCompilerABI.F90.o /var/folders/76/0g8l217d5b92zmblzymyw76w0000gp/T//cczCRCEf.s]
  ignore line: [Apple clang version 13.0.0 (clang-1300.0.29.30)]
  ignore line: [Target: x86_64-apple-darwin21.2.0]
  ignore line: [Thread model: posix]
  ignore line: [InstalledDir: /Applications/Xcode.app/Contents/Developer/Toolchains/XcodeDefault.xctoolchain/usr/bin]
  ignore line: [ "/Applications/Xcode.app/Contents/Developer/Toolchains/XcodeDefault.xctoolchain/usr/bin/clang" -cc1as -triple x86_64-apple-macosx12.1.0 -filetype obj -main-file-name cczCRCEf.s -target-cpu penryn -fdebug-compilation-dir /Users/asha/Developer/WACCM/cime/tools/cprnc/CMakeFiles/CMakeTmp -dwarf-debug-producer "Apple clang version 13.0.0 (clang-1300.0.29.30)" -dwarf-version=4 -mrelocation-model pic --mrelax-relocations -mllvm -disable-aligned-alloc-awareness=1 -mllvm -enable-dse-memoryssa=0 -o CMakeFiles/cmTC_b9c17.dir/CMakeFortranCompilerABI.F90.o /var/folders/76/0g8l217d5b92zmblzymyw76w0000gp/T//cczCRCEf.s]
  ignore line: [COMPILER_PATH=/usr/local/Cellar/gcc/11.2.0_3/bin/../libexec/gcc/x86_64-apple-darwin21/11/:/usr/local/Cellar/gcc/11.2.0_3/bin/../libexec/gcc/]
  ignore line: [LIBRARY_PATH=/usr/local/Cellar/gcc/11.2.0_3/bin/../lib/gcc/11/gcc/x86_64-apple-darwin21/11/:/usr/local/Cellar/gcc/11.2.0_3/bin/../lib/gcc/11/gcc/:/opt/intel/oneapi/tbb/2021.5.0/env/../lib/:/opt/intel/oneapi/mkl/2022.0.0/lib/:/opt/intel/oneapi/ippcp/2021.5.0/lib/:/opt/intel/oneapi/ipp/2021.5.0/lib/:/opt/intel/oneapi/dnnl/2022.0.0/cpu_iomp/lib/:/opt/intel/oneapi/dal/2021.5.0/lib/:/usr/local/Cellar/gcc/11.2.0_3/bin/../lib/gcc/11/gcc/x86_64-apple-darwin21/11/../../../]
  ignore line: [COLLECT_GCC_OPTIONS='-isysroot' '/Applications/Xcode.app/Contents/Developer/Platforms/MacOSX.platform/Developer/SDKs/MacOSX12.1.sdk' '-v' '-c' '-o' 'CMakeFiles/cmTC_b9c17.dir/CMakeFortranCompilerABI.F90.o' '-mmacosx-version-min=12.1.0'  '-mtune=core2' '-dumpdir' 'CMakeFiles/cmTC_b9c17.dir/CMakeFortranCompilerABI.F90.']
  ignore line: [Linking Fortran executable cmTC_b9c17]
  ignore line: [/usr/local/Cellar/cmake/3.22.1/bin/cmake -E cmake_link_script CMakeFiles/cmTC_b9c17.dir/link.txt --verbose=1]
  ignore line: [/usr/local/bin/gfortran -L/usr/local/opt/openblas/lib -L/usr/local/opt/lapack/lib -v -Wl -v  -isysroot /Applications/Xcode.app/Contents/Developer/Platforms/MacOSX.platform/Developer/SDKs/MacOSX12.1.sdk CMakeFiles/cmTC_b9c17.dir/CMakeFortranCompilerABI.F90.o -o cmTC_b9c17 ]
  ignore line: [Driving: /usr/local/bin/gfortran -L/usr/local/opt/openblas/lib -L/usr/local/opt/lapack/lib -v -Wl -v -isysroot /Applications/Xcode.app/Contents/Developer/Platforms/MacOSX.platform/Developer/SDKs/MacOSX12.1.sdk CMakeFiles/cmTC_b9c17.dir/CMakeFortranCompilerABI.F90.o -o cmTC_b9c17 -mmacosx-version-min=12.1.0 -asm_macosx_version_min=12.1 -l gfortran -shared-libgcc]
  ignore line: [Using built-in specs.]
  ignore line: [COLLECT_GCC=/usr/local/bin/gfortran]
  ignore line: [COLLECT_LTO_WRAPPER=/usr/local/Cellar/gcc/11.2.0_3/bin/../libexec/gcc/x86_64-apple-darwin21/11/lto-wrapper]
  ignore line: [Target: x86_64-apple-darwin21]
  ignore line: [Configured with: ../configure --prefix=/usr/local/opt/gcc --libdir=/usr/local/opt/gcc/lib/gcc/11 --disable-nls --enable-checking=release --with-gcc-major-version-only --enable-languages=c c++ objc obj-c++ fortran d --program-suffix=-11 --with-gmp=/usr/local/opt/gmp --with-mpfr=/usr/local/opt/mpfr --with-mpc=/usr/local/opt/libmpc --with-isl=/usr/local/opt/isl --with-zstd=/usr/local/opt/zstd --with-pkgversion='Homebrew GCC 11.2.0_3' --with-bugurl=https://github.com/Homebrew/homebrew-core/issues --enable-libphobos --build=x86_64-apple-darwin21 --with-system-zlib --disable-multilib --with-native-system-header-dir=/usr/include --with-sysroot=/Library/Developer/CommandLineTools/SDKs/MacOSX12.sdk]
  ignore line: [Thread model: posix]
  ignore line: [Supported LTO compression algorithms: zlib zstd]
  ignore line: [gcc version 11.2.0 (Homebrew GCC 11.2.0_3) ]
  ignore line: [Reading specs from /usr/local/Cellar/gcc/11.2.0_3/bin/../lib/gcc/11/gcc/x86_64-apple-darwin21/11/../../../libgfortran.spec]
  ignore line: [rename spec lib to liborig]
  ignore line: [COLLECT_GCC_OPTIONS='-L/usr/local/opt/openblas/lib' '-L/usr/local/opt/lapack/lib' '-v' '-isysroot' '/Applications/Xcode.app/Contents/Developer/Platforms/MacOSX.platform/Developer/SDKs/MacOSX12.1.sdk' '-o' 'cmTC_b9c17' '-mmacosx-version-min=12.1.0' '-asm_macosx_version_min=12.1' '-shared-libgcc' '-mtune=core2' '-dumpdir' 'cmTC_b9c17-']
  ignore line: [COMPILER_PATH=/usr/local/Cellar/gcc/11.2.0_3/bin/../libexec/gcc/x86_64-apple-darwin21/11/:/usr/local/Cellar/gcc/11.2.0_3/bin/../libexec/gcc/]
  ignore line: [LIBRARY_PATH=/usr/local/Cellar/gcc/11.2.0_3/bin/../lib/gcc/11/gcc/x86_64-apple-darwin21/11/:/usr/local/Cellar/gcc/11.2.0_3/bin/../lib/gcc/11/gcc/:/opt/intel/oneapi/tbb/2021.5.0/env/../lib/:/opt/intel/oneapi/mkl/2022.0.0/lib/:/opt/intel/oneapi/ippcp/2021.5.0/lib/:/opt/intel/oneapi/ipp/2021.5.0/lib/:/opt/intel/oneapi/dnnl/2022.0.0/cpu_iomp/lib/:/opt/intel/oneapi/dal/2021.5.0/lib/:/usr/local/Cellar/gcc/11.2.0_3/bin/../lib/gcc/11/gcc/x86_64-apple-darwin21/11/../../../]
  ignore line: [COLLECT_GCC_OPTIONS='-L/usr/local/opt/openblas/lib' '-L/usr/local/opt/lapack/lib' '-v' '-isysroot' '/Applications/Xcode.app/Contents/Developer/Platforms/MacOSX.platform/Developer/SDKs/MacOSX12.1.sdk' '-o' 'cmTC_b9c17' '-mmacosx-version-min=12.1.0' '-asm_macosx_version_min=12.1' '-shared-libgcc' '-mtune=core2' '-dumpdir' 'cmTC_b9c17.']
  link line: [ /usr/local/Cellar/gcc/11.2.0_3/bin/../libexec/gcc/x86_64-apple-darwin21/11/collect2 -dynamic -arch x86_64 -macosx_version_min 12.1.0 -syslibroot /Applications/Xcode.app/Contents/Developer/Platforms/MacOSX.platform/Developer/SDKs/MacOSX12.1.sdk -weak_reference_mismatches non-weak -o cmTC_b9c17 -L/usr/local/opt/openblas/lib -L/usr/local/opt/lapack/lib -L/usr/local/Cellar/gcc/11.2.0_3/bin/../lib/gcc/11/gcc/x86_64-apple-darwin21/11 -L/usr/local/Cellar/gcc/11.2.0_3/bin/../lib/gcc/11/gcc -L/opt/intel/oneapi/tbb/2021.5.0/env/../lib -L/opt/intel/oneapi/mkl/2022.0.0/lib -L/opt/intel/oneapi/ippcp/2021.5.0/lib -L/opt/intel/oneapi/ipp/2021.5.0/lib -L/opt/intel/oneapi/dnnl/2022.0.0/cpu_iomp/lib -L/opt/intel/oneapi/dal/2021.5.0/lib -L/usr/local/Cellar/gcc/11.2.0_3/bin/../lib/gcc/11/gcc/x86_64-apple-darwin21/11/../../.. -v CMakeFiles/cmTC_b9c17.dir/CMakeFortranCompilerABI.F90.o -lgfortran -lSystem -lgcc_ext.10.5 -lgcc -lquadmath -lm -lgcc_ext.10.5 -lgcc -lSystem -no_compact_unwind -v]
    arg [/usr/local/Cellar/gcc/11.2.0_3/bin/../libexec/gcc/x86_64-apple-darwin21/11/collect2] ==> ignore
    arg [-dynamic] ==> ignore
    arg [-arch] ==> ignore
    arg [x86_64] ==> ignore
    arg [-macosx_version_min] ==> ignore
    arg [12.1.0] ==> ignore
    arg [-syslibroot] ==> ignore
    arg [/Applications/Xcode.app/Contents/Developer/Platforms/MacOSX.platform/Developer/SDKs/MacOSX12.1.sdk] ==> ignore
    arg [-weak_reference_mismatches] ==> ignore
    arg [non-weak] ==> ignore
    arg [-o] ==> ignore
    arg [cmTC_b9c17] ==> ignore
    arg [-L/usr/local/opt/openblas/lib] ==> dir [/usr/local/opt/openblas/lib]
    arg [-L/usr/local/opt/lapack/lib] ==> dir [/usr/local/opt/lapack/lib]
    arg [-L/usr/local/Cellar/gcc/11.2.0_3/bin/../lib/gcc/11/gcc/x86_64-apple-darwin21/11] ==> dir [/usr/local/Cellar/gcc/11.2.0_3/bin/../lib/gcc/11/gcc/x86_64-apple-darwin21/11]
    arg [-L/usr/local/Cellar/gcc/11.2.0_3/bin/../lib/gcc/11/gcc] ==> dir [/usr/local/Cellar/gcc/11.2.0_3/bin/../lib/gcc/11/gcc]
    arg [-L/opt/intel/oneapi/tbb/2021.5.0/env/../lib] ==> dir [/opt/intel/oneapi/tbb/2021.5.0/env/../lib]
    arg [-L/opt/intel/oneapi/mkl/2022.0.0/lib] ==> dir [/opt/intel/oneapi/mkl/2022.0.0/lib]
    arg [-L/opt/intel/oneapi/ippcp/2021.5.0/lib] ==> dir [/opt/intel/oneapi/ippcp/2021.5.0/lib]
    arg [-L/opt/intel/oneapi/ipp/2021.5.0/lib] ==> dir [/opt/intel/oneapi/ipp/2021.5.0/lib]
    arg [-L/opt/intel/oneapi/dnnl/2022.0.0/cpu_iomp/lib] ==> dir [/opt/intel/oneapi/dnnl/2022.0.0/cpu_iomp/lib]
    arg [-L/opt/intel/oneapi/dal/2021.5.0/lib] ==> dir [/opt/intel/oneapi/dal/2021.5.0/lib]
    arg [-L/usr/local/Cellar/gcc/11.2.0_3/bin/../lib/gcc/11/gcc/x86_64-apple-darwin21/11/../../..] ==> dir [/usr/local/Cellar/gcc/11.2.0_3/bin/../lib/gcc/11/gcc/x86_64-apple-darwin21/11/../../..]
    arg [-v] ==> ignore
    arg [CMakeFiles/cmTC_b9c17.dir/CMakeFortranCompilerABI.F90.o] ==> ignore
    arg [-lgfortran] ==> lib [gfortran]
    arg [-lSystem] ==> lib [System]
    arg [-lgcc_ext.10.5] ==> lib [gcc_ext.10.5]
    arg [-lgcc] ==> lib [gcc]
    arg [-lquadmath] ==> lib [quadmath]
    arg [-lm] ==> lib [m]
    arg [-lgcc_ext.10.5] ==> lib [gcc_ext.10.5]
    arg [-lgcc] ==> lib [gcc]
    arg [-lSystem] ==> lib [System]
    arg [-no_compact_unwind] ==> ignore
    arg [-v] ==> ignore
  Library search paths: [;/usr/local/opt/openblas/lib;/usr/local/opt/lapack/lib;/usr/local/Cellar/gcc/11.2.0_3/lib/gcc/11/gcc/x86_64-apple-darwin21/11;/usr/local/Cellar/gcc/11.2.0_3/lib/gcc/11/gcc;/opt/intel/oneapi/tbb/2021.5.0/lib;/opt/intel/oneapi/mkl/2022.0.0/lib;/opt/intel/oneapi/ippcp/2021.5.0/lib;/opt/intel/oneapi/ipp/2021.5.0/lib;/opt/intel/oneapi/dnnl/2022.0.0/cpu_iomp/lib;/opt/intel/oneapi/dal/2021.5.0/lib;/usr/local/Cellar/gcc/11.2.0_3/lib/gcc/11;/Applications/Xcode.app/Contents/Developer/Platforms/MacOSX.platform/Developer/SDKs/MacOSX12.1.sdk/usr/lib]
  Framework search paths: [;/Applications/Xcode.app/Contents/Developer/Platforms/MacOSX.platform/Developer/SDKs/MacOSX12.1.sdk/System/Library/Frameworks/]
  remove lib [System]
  remove lib [System]
  collapse library dir [/usr/local/opt/openblas/lib] ==> [/usr/local/opt/openblas/lib]
  collapse library dir [/usr/local/opt/lapack/lib] ==> [/usr/local/opt/lapack/lib]
  collapse library dir [/usr/local/Cellar/gcc/11.2.0_3/bin/../lib/gcc/11/gcc/x86_64-apple-darwin21/11] ==> [/usr/local/Cellar/gcc/11.2.0_3/lib/gcc/11/gcc/x86_64-apple-darwin21/11]
  collapse library dir [/usr/local/Cellar/gcc/11.2.0_3/bin/../lib/gcc/11/gcc] ==> [/usr/local/Cellar/gcc/11.2.0_3/lib/gcc/11/gcc]
  collapse library dir [/opt/intel/oneapi/tbb/2021.5.0/env/../lib] ==> [/opt/intel/oneapi/tbb/2021.5.0/lib]
  collapse library dir [/opt/intel/oneapi/mkl/2022.0.0/lib] ==> [/opt/intel/oneapi/mkl/2022.0.0/lib]
  collapse library dir [/opt/intel/oneapi/ippcp/2021.5.0/lib] ==> [/opt/intel/oneapi/ippcp/2021.5.0/lib]
  collapse library dir [/opt/intel/oneapi/ipp/2021.5.0/lib] ==> [/opt/intel/oneapi/ipp/2021.5.0/lib]
  collapse library dir [/opt/intel/oneapi/dnnl/2022.0.0/cpu_iomp/lib] ==> [/opt/intel/oneapi/dnnl/2022.0.0/cpu_iomp/lib]
  collapse library dir [/opt/intel/oneapi/dal/2021.5.0/lib] ==> [/opt/intel/oneapi/dal/2021.5.0/lib]
  collapse library dir [/usr/local/Cellar/gcc/11.2.0_3/bin/../lib/gcc/11/gcc/x86_64-apple-darwin21/11/../../..] ==> [/usr/local/Cellar/gcc/11.2.0_3/lib/gcc/11]
  collapse library dir [/usr/local/opt/openblas/lib] ==> [/usr/local/opt/openblas/lib]
  collapse library dir [/usr/local/opt/lapack/lib] ==> [/usr/local/opt/lapack/lib]
  collapse library dir [/usr/local/Cellar/gcc/11.2.0_3/lib/gcc/11/gcc/x86_64-apple-darwin21/11] ==> [/usr/local/Cellar/gcc/11.2.0_3/lib/gcc/11/gcc/x86_64-apple-darwin21/11]
  collapse library dir [/usr/local/Cellar/gcc/11.2.0_3/lib/gcc/11/gcc] ==> [/usr/local/Cellar/gcc/11.2.0_3/lib/gcc/11/gcc]
  collapse library dir [/opt/intel/oneapi/tbb/2021.5.0/lib] ==> [/opt/intel/oneapi/tbb/2021.5.0/lib]
  collapse library dir [/opt/intel/oneapi/mkl/2022.0.0/lib] ==> [/opt/intel/oneapi/mkl/2022.0.0/lib]
  collapse library dir [/opt/intel/oneapi/ippcp/2021.5.0/lib] ==> [/opt/intel/oneapi/ippcp/2021.5.0/lib]
  collapse library dir [/opt/intel/oneapi/ipp/2021.5.0/lib] ==> [/opt/intel/oneapi/ipp/2021.5.0/lib]
  collapse library dir [/opt/intel/oneapi/dnnl/2022.0.0/cpu_iomp/lib] ==> [/opt/intel/oneapi/dnnl/2022.0.0/cpu_iomp/lib]
  collapse library dir [/opt/intel/oneapi/dal/2021.5.0/lib] ==> [/opt/intel/oneapi/dal/2021.5.0/lib]
  collapse library dir [/usr/local/Cellar/gcc/11.2.0_3/lib/gcc/11] ==> [/usr/local/Cellar/gcc/11.2.0_3/lib/gcc/11]
  collapse library dir [/Applications/Xcode.app/Contents/Developer/Platforms/MacOSX.platform/Developer/SDKs/MacOSX12.1.sdk/usr/lib] ==> [/Applications/Xcode.app/Contents/Developer/Platforms/MacOSX.platform/Developer/SDKs/MacOSX12.1.sdk/usr/lib]
  collapse framework dir [/Applications/Xcode.app/Contents/Developer/Platforms/MacOSX.platform/Developer/SDKs/MacOSX12.1.sdk/System/Library/Frameworks/] ==> [/Applications/Xcode.app/Contents/Developer/Platforms/MacOSX.platform/Developer/SDKs/MacOSX12.1.sdk/System/Library/Frameworks]
  implicit libs: [gfortran;gcc_ext.10.5;gcc;quadmath;m;gcc_ext.10.5;gcc]
  implicit objs: []
  implicit dirs: [/usr/local/opt/openblas/lib;/usr/local/opt/lapack/lib;/usr/local/Cellar/gcc/11.2.0_3/lib/gcc/11/gcc/x86_64-apple-darwin21/11;/usr/local/Cellar/gcc/11.2.0_3/lib/gcc/11/gcc;/opt/intel/oneapi/tbb/2021.5.0/lib;/opt/intel/oneapi/mkl/2022.0.0/lib;/opt/intel/oneapi/ippcp/2021.5.0/lib;/opt/intel/oneapi/ipp/2021.5.0/lib;/opt/intel/oneapi/dnnl/2022.0.0/cpu_iomp/lib;/opt/intel/oneapi/dal/2021.5.0/lib;/usr/local/Cellar/gcc/11.2.0_3/lib/gcc/11;/Applications/Xcode.app/Contents/Developer/Platforms/MacOSX.platform/Developer/SDKs/MacOSX12.1.sdk/usr/lib]
  implicit fwks: [/Applications/Xcode.app/Contents/Developer/Platforms/MacOSX.platform/Developer/SDKs/MacOSX12.1.sdk/System/Library/Frameworks]


